<?xml version="1.0" encoding="UTF-8"?>
<!-- Generated by org.testng.reporters.JUnitXMLReporter -->
<testsuite ignored="0" hostname="DESKTOP-0KSEAL8" failures="0" tests="1" name="Test" time="8.053" errors="0" timestamp="2024-03-19T19:01:06 IST">
  <testcase classname="srk.Loginpage" name="@BeforeMethod setup" time="7.959">
    <failure type="org.openqa.selenium.SessionNotCreatedException" message="session not created: This version of ChromeDriver only supports Chrome version 122
Current browser version is 116.0.5845.96 with binary path C:\Users\HP\Desktop\selenium\chrome.exe
Build info: version: &amp;apos;3.141.59&amp;apos;, revision: &amp;apos;e82be7d358&amp;apos;, time: &amp;apos;2018-11-14T08:25:48&amp;apos;
System info: host: &amp;apos;DESKTOP-0KSEAL8&amp;apos;, ip: &amp;apos;192.168.94.137&amp;apos;, os.name: &amp;apos;Windows 10&amp;apos;, os.arch: &amp;apos;amd64&amp;apos;, os.version: &amp;apos;10.0&amp;apos;, java.version: &amp;apos;17.0.2&amp;apos;
Driver info: driver.version: ChromeDriver
remote stacktrace: 	GetHandleVerifier [0x00007FF65F3CAD22+56930]
	(No symbol) [0x00007FF65F33F622]
	(No symbol) [0x00007FF65F1F42E5]
	(No symbol) [0x00007FF65F22A432]
	(No symbol) [0x00007FF65F22983F]
	(No symbol) [0x00007FF65F22341E]
	(No symbol) [0x00007FF65F2205D4]
	(No symbol) [0x00007FF65F26595F]
	(No symbol) [0x00007FF65F2654C0]
	(No symbol) [0x00007FF65F25BA43]
	(No symbol) [0x00007FF65F22D438]
	(No symbol) [0x00007FF65F22E4D1]
	GetHandleVerifier [0x00007FF65F746AAD+3709933]
	GetHandleVerifier [0x00007FF65F79FFED+4075821]
	GetHandleVerifier [0x00007FF65F79817F+4043455]
	GetHandleVerifier [0x00007FF65F469756+706710]
	(No symbol) [0x00007FF65F34B8FF]
	(No symbol) [0x00007FF65F346AE4]
	(No symbol) [0x00007FF65F346C3C]
	(No symbol) [0x00007FF65F3368F4]
	BaseThreadInitThunk [0x00007FFC475A7344+20]
	RtlUserThreadStart [0x00007FFC480A26B1+33]
">
      <![CDATA[org.openqa.selenium.SessionNotCreatedException: session not created: This version of ChromeDriver only supports Chrome version 122
Current browser version is 116.0.5845.96 with binary path C:\Users\HP\Desktop\selenium\chrome.exe
Build info: version: '3.141.59', revision: 'e82be7d358', time: '2018-11-14T08:25:48'
System info: host: 'DESKTOP-0KSEAL8', ip: '192.168.94.137', os.name: 'Windows 10', os.arch: 'amd64', os.version: '10.0', java.version: '17.0.2'
Driver info: driver.version: ChromeDriver
remote stacktrace: GetHandleVerifier [0x00007FF65F3CAD22+56930]
(No symbol) [0x00007FF65F33F622]
(No symbol) [0x00007FF65F1F42E5]
(No symbol) [0x00007FF65F22A432]
(No symbol) [0x00007FF65F22983F]
(No symbol) [0x00007FF65F22341E]
(No symbol) [0x00007FF65F2205D4]
(No symbol) [0x00007FF65F26595F]
(No symbol) [0x00007FF65F2654C0]
(No symbol) [0x00007FF65F25BA43]
(No symbol) [0x00007FF65F22D438]
(No symbol) [0x00007FF65F22E4D1]
GetHandleVerifier [0x00007FF65F746AAD+3709933]
GetHandleVerifier [0x00007FF65F79FFED+4075821]
GetHandleVerifier [0x00007FF65F79817F+4043455]
GetHandleVerifier [0x00007FF65F469756+706710]
(No symbol) [0x00007FF65F34B8FF]
(No symbol) [0x00007FF65F346AE4]
(No symbol) [0x00007FF65F346C3C]
(No symbol) [0x00007FF65F3368F4]
BaseThreadInitThunk [0x00007FFC475A7344+20]
RtlUserThreadStart [0x00007FFC480A26B1+33]

at org.openqa.selenium.remote.W3CHandshakeResponse.lambda$errorHandler$0(W3CHandshakeResponse.java:62)
at org.openqa.selenium.remote.HandshakeResponse.lambda$getResponseFunction$0(HandshakeResponse.java:30)
at org.openqa.selenium.remote.ProtocolHandshake.lambda$createSession$0(ProtocolHandshake.java:126)
at java.base/java.util.stream.ReferencePipeline$3$1.accept(ReferencePipeline.java:197)
at java.base/java.util.Spliterators$ArraySpliterator.tryAdvance(Spliterators.java:1002)
at java.base/java.util.stream.ReferencePipeline.forEachWithCancel(ReferencePipeline.java:129)
at java.base/java.util.stream.AbstractPipeline.copyIntoWithCancel(AbstractPipeline.java:527)
at java.base/java.util.stream.AbstractPipeline.copyInto(AbstractPipeline.java:513)
at java.base/java.util.stream.AbstractPipeline.wrapAndCopyInto(AbstractPipeline.java:499)
at java.base/java.util.stream.FindOps$FindOp.evaluateSequential(FindOps.java:150)
at java.base/java.util.stream.AbstractPipeline.evaluate(AbstractPipeline.java:234)
at java.base/java.util.stream.ReferencePipeline.findFirst(ReferencePipeline.java:647)
at org.openqa.selenium.remote.ProtocolHandshake.createSession(ProtocolHandshake.java:128)
at org.openqa.selenium.remote.ProtocolHandshake.createSession(ProtocolHandshake.java:74)
at org.openqa.selenium.remote.HttpCommandExecutor.execute(HttpCommandExecutor.java:136)
at org.openqa.selenium.remote.service.DriverCommandExecutor.execute(DriverCommandExecutor.java:83)
at org.openqa.selenium.remote.RemoteWebDriver.execute(RemoteWebDriver.java:552)
at org.openqa.selenium.remote.RemoteWebDriver.startSession(RemoteWebDriver.java:213)
at org.openqa.selenium.remote.RemoteWebDriver.<init>(RemoteWebDriver.java:131)
at org.openqa.selenium.chrome.ChromeDriver.<init>(ChromeDriver.java:181)
at org.openqa.selenium.chrome.ChromeDriver.<init>(ChromeDriver.java:168)
at org.openqa.selenium.chrome.ChromeDriver.<init>(ChromeDriver.java:123)
at srk.Loginpage.setup(Loginpage.java:24)
at java.base/java.util.ArrayList.forEach(ArrayList.java:1511)
... Removed 36 stack frames]]>
    </failure>
  </testcase> <!-- @BeforeMethod setup -->
  <testcase classname="srk.Loginpage" name="@AfterMethod tear" time="-1.710855066649E9">
    <skipped/>
  </testcase> <!-- @AfterMethod tear -->
  <testcase classname="srk.Loginpage" name="verifytitle" time="0.0">
    <skipped/>
  </testcase> <!-- verifytitle -->
</testsuite> <!-- Test -->
